Arguments: 
  C:\Program Files\nodejs\node.exe C:\Program Files\nodejs\node_modules\yarn\bin\yarn.js build

PATH: 
  C:\Program Files (x86)\Common Files\Intel\Shared Libraries\redist\intel64\compiler;C:\Windows\system32;C:\Windows;C:\Windows\System32\Wbem;C:\Windows\System32\WindowsPowerShell\v1.0\;C:\Windows\System32\OpenSSH\;C:\Program Files (x86)\NVIDIA Corporation\PhysX\Common;D:\Tool\Git\cmd;D:\Tool\nvm;C:\Program Files\nodejs;C:\Program Files\Amazon\AWSCLIV2\;C:\Program Files\NVIDIA Corporation\NVIDIA NvDLISR;C:\WINDOWS\system32;C:\WINDOWS;C:\WINDOWS\System32\Wbem;C:\WINDOWS\System32\WindowsPowerShell\v1.0\;C:\WINDOWS\System32\OpenSSH\;D:\Tool\Putty\;C:\ProgramData\chocolatey\bin;D:\Tool\Python\Scripts\;D:\Tool\Python\;C:\Users\Park_jy\AppData\Local\Microsoft\WindowsApps;C:\Users\Park_jy\AppData\Local\atom\bin;C:\Users\Park_jy\AppData\Local\GitHubDesktop\bin;D:\Tool\IntelliJ IDEA 2021.2.1\bin;;D:\Tool\Microsoft VS Code\bin;D:\Tool\nvm;C:\Program Files\nodejs;C:\Users\Park_jy\AppData\Local\Microsoft\WindowsApps;C:\Users\Park_jy\AppData\Roaming\cabal\bin;C:\tools\ghc-9.4.1\bin;C:\tools\msys64;d:\Tool\Haskell\ghcup\bin;d:\Tool\MongoDB\mongosh\bin;

Yarn version: 
  1.22.19

Node version: 
  18.16.0

Platform: 
  win32 x64

Trace: 
  SyntaxError: D:\Project\all_2023\library\calend-arr\package.json: Unexpected token } in JSON at position 454
      at JSON.parse (<anonymous>)
      at D:\Tool\nvm\v18.16.0\node_modules\yarn\lib\cli.js:1629:59
      at Generator.next (<anonymous>)
      at step (D:\Tool\nvm\v18.16.0\node_modules\yarn\lib\cli.js:310:30)
      at D:\Tool\nvm\v18.16.0\node_modules\yarn\lib\cli.js:321:13

npm manifest: 
  {
    "name": "calend-arr",
    "version": "0.0.1",
    "type": "module",
    "main": "dist/index.js",
    "scripts": {
      "prepack": "yarn build",
      "build": "yarn clean && yarn build:tsc && yarn build:js",
      "build:tsc": "yarn tsc --emitDeclarationOnly",
      "build:js": "node build.js",
      "clean": "rm -rf dist"
    },
    "exports": {
      ".": {
        "types": "./dist/index.d.ts",
        "import": "./dist/index.js",
        "require": "./src/index.cjs",
      }
    },
    "license": "MIT",
    "devDependencies": {
      "@types/node": "^20.3.1",
      "esbuild": "^0.18.7",
      "typescript": "^5.1.3"
    }
  }

yarn manifest: 
  No manifest

Lockfile: 
  # THIS IS AN AUTOGENERATED FILE. DO NOT EDIT THIS FILE DIRECTLY.
  # yarn lockfile v1
  
  
  "@esbuild/android-arm64@0.18.7":
    version "0.18.7"
    resolved "https://registry.yarnpkg.com/@esbuild/android-arm64/-/android-arm64-0.18.7.tgz#18c9206e00ecaf914c003ab7d65ff62965ba521f"
    integrity sha512-o0VVztxJPkfDYbaU1tA1G1iwKiBh6Zt3bX5OdHDoITMFdRg+Mgdt3nHXMEtNlIjYA/Xn6hmlOYDHjJfQUduPuw==
  
  "@esbuild/android-arm@0.18.7":
    version "0.18.7"
    resolved "https://registry.yarnpkg.com/@esbuild/android-arm/-/android-arm-0.18.7.tgz#dcdbaa2c56d3ca6de7601f2df2c5bc4e6893c325"
    integrity sha512-nDQ7AC5WVKOqxaip/E5YbaRgnilBMsoGKjoGLCeCOYNePaBCBDwJsLfa2fn3FEtktiLaAF990W592avsHjJ/Vg==
  
  "@esbuild/android-x64@0.18.7":
    version "0.18.7"
    resolved "https://registry.yarnpkg.com/@esbuild/android-x64/-/android-x64-0.18.7.tgz#3295674459a520bf6a8fe1cb0e8261adf3cd5690"
    integrity sha512-ga8Dtpb01GorCi1dk3jEwDk3AK/3F+cR5P+//Tl0ERL2K2pK/J1f3t8hcJ+RRt3UYBV/uTL9GEnx7touX0KRPQ==
  
  "@esbuild/darwin-arm64@0.18.7":
    version "0.18.7"
    resolved "https://registry.yarnpkg.com/@esbuild/darwin-arm64/-/darwin-arm64-0.18.7.tgz#8561468e17d3271a634b6c1281e201b463fc10be"
    integrity sha512-FVDOdfgyGOOISpd0b+UtA6YNbu5+RzZu7kDztjVsA/iZhGnyxbCR/vZ+B2j5yxbMZ9j3iz5uFiHIq1sl6nrZ0Q==
  
  "@esbuild/darwin-x64@0.18.7":
    version "0.18.7"
    resolved "https://registry.yarnpkg.com/@esbuild/darwin-x64/-/darwin-x64-0.18.7.tgz#9ad104e7cddbca36da7474a039bb557d33616fbd"
    integrity sha512-w7aeD1UjDFXqyrZQLBIPYGmLR+gJsl+7QSwmSz+nVrCZOB7cyWEkIjCF8s4inUD3ja3WtKUIqzX5S4qDnU5q7Q==
  
  "@esbuild/freebsd-arm64@0.18.7":
    version "0.18.7"
    resolved "https://registry.yarnpkg.com/@esbuild/freebsd-arm64/-/freebsd-arm64-0.18.7.tgz#7a34ab611dd27f25fbc14587e2c64b6447c2d25c"
    integrity sha512-wKyySDdoKVOPn9eDci/b3eP3EJVAVXC3b2CiaHphhCKfh4n5pWLwj7Ue96anK1HnpcZ0Uti8Sw9xq3Im0earHA==
  
  "@esbuild/freebsd-x64@0.18.7":
    version "0.18.7"
    resolved "https://registry.yarnpkg.com/@esbuild/freebsd-x64/-/freebsd-x64-0.18.7.tgz#8eb59bf0015e4abd5ce3fc16094eb11174167b83"
    integrity sha512-rbfjbgSvzWRjQMKIntogK1d2oIAiA/ZVayXfK1WjcIIMQYLg74sAoT8CZBj30+bwn13YR0t6lgIxA1mJaS2Lhw==
  
  "@esbuild/linux-arm64@0.18.7":
    version "0.18.7"
    resolved "https://registry.yarnpkg.com/@esbuild/linux-arm64/-/linux-arm64-0.18.7.tgz#67e406650867cff9a1efc738495180d93de2c50f"
    integrity sha512-cwfxKYroaD5BZ42NsfxdVU1issD2NxcuJHlCNsN5LtWq+kZMpwmIVDCJxKlgLIG7zH/4yq8lTuZJurxq058GsA==
  
  "@esbuild/linux-arm@0.18.7":
    version "0.18.7"
    resolved "https://registry.yarnpkg.com/@esbuild/linux-arm/-/linux-arm-0.18.7.tgz#41a753d07dbac2204e50f61e3c76a5f3182237f2"
    integrity sha512-GpUBqqJnQ+7qdb7NqKNVj7TgD2JnLrEdzPtatPow77Me/EQ01GE1tHKZLePqhf5thdLDb5Se2Kcf4D9WTbSjmw==
  
  "@esbuild/linux-ia32@0.18.7":
    version "0.18.7"
    resolved "https://registry.yarnpkg.com/@esbuild/linux-ia32/-/linux-ia32-0.18.7.tgz#d868c1fe7fb36afbf38a8334a3e203c1cdee4ed7"
    integrity sha512-SsvsGStwbArBcB/XNh+2MvUtgOLp0CR6Hn1PBWcdApCuAaMibHCDyzHS06+u/YOD1UpeXFHJZphix61HeVMH/w==
  
  "@esbuild/linux-loong64@0.18.7":
    version "0.18.7"
    resolved "https://registry.yarnpkg.com/@esbuild/linux-loong64/-/linux-loong64-0.18.7.tgz#b97efda817ed11bc37bf30de32a7a39988dbf20a"
    integrity sha512-WOqQ0eaWGE/e9vmbxFT2exbWuXxHuG8ld0fN7oX5f0v7W6oveUIF4DLJYVae93t1+Icv5R0NBo8wv/o4hEvxBQ==
  
  "@esbuild/linux-mips64el@0.18.7":
    version "0.18.7"
    resolved "https://registry.yarnpkg.com/@esbuild/linux-mips64el/-/linux-mips64el-0.18.7.tgz#2f27021be14d7dd2a6286996c4337c705a8c2c5f"
    integrity sha512-/dKQ3OLr2Tmj0kuf4ZJioD+qnADUEJSBaiuDbk8v5602HnNNBSGHPrEB6S8PSb8y8jWsX9MMnxqk5KpLTf86OQ==
  
  "@esbuild/linux-ppc64@0.18.7":
    version "0.18.7"
    resolved "https://registry.yarnpkg.com/@esbuild/linux-ppc64/-/linux-ppc64-0.18.7.tgz#faea79660896105276d95a3ca06156b8e41f5517"
    integrity sha512-x/k1+daIqiGJt0Yhr5llFJ/zkRg1XAqcS2ntAYzS3pHogO8oIyc+LjsINgVyFCeFMFUZ9Ae9W5z2Ib05bMum3g==
  
  "@esbuild/linux-riscv64@0.18.7":
    version "0.18.7"
    resolved "https://registry.yarnpkg.com/@esbuild/linux-riscv64/-/linux-riscv64-0.18.7.tgz#7047a31f042fefd25dd9266086d90cd44d2474c7"
    integrity sha512-LegTDzK9gL/sTkiZUGYLigTISwppZJvQL3MRmFgXgHrj3IzdWkPgMwEtOItK3YiFzhBSSNyKA0mSKEg4UuK8JQ==
  
  "@esbuild/linux-s390x@0.18.7":
    version "0.18.7"
    resolved "https://registry.yarnpkg.com/@esbuild/linux-s390x/-/linux-s390x-0.18.7.tgz#77a3c952b19006af2e288658d3c29fb6c02c9bcb"
    integrity sha512-fjBl45O8ivc3Nl14hdGpbHoVtdHnYGsLpwnlv2rNyb5NOsgY3Y8EhVe/fqR9ndHgO4eL68knKxkrRveEJq+v1g==
  
  "@esbuild/linux-x64@0.18.7":
    version "0.18.7"
    resolved "https://registry.yarnpkg.com/@esbuild/linux-x64/-/linux-x64-0.18.7.tgz#bcbec77a8cb23975995edbcce1583001bdde1cf6"
    integrity sha512-apYLJsg3wd3hW8nEt7H++8c8rTDvwXxX7h7YeI89g1RDPCT2QSXTO/xT1BCvFa/BFFoau+yvepQg2o5556FIWQ==
  
  "@esbuild/netbsd-x64@0.18.7":
    version "0.18.7"
    resolved "https://registry.yarnpkg.com/@esbuild/netbsd-x64/-/netbsd-x64-0.18.7.tgz#deb2956dc3e1b16eb451afb1701fa2b2e458fcd8"
    integrity sha512-f82sUnrzdoW4MiiCDn1G3RSsPH8+no+okDhkHgGTGa+5F5wZCyxdXxzR6ctsiimvyPn9FIu9Zs+MesVsBRwyTw==
  
  "@esbuild/openbsd-x64@0.18.7":
    version "0.18.7"
    resolved "https://registry.yarnpkg.com/@esbuild/openbsd-x64/-/openbsd-x64-0.18.7.tgz#6433ca91a6826f76b779f454fff97159f738b823"
    integrity sha512-1TNDfpFYhIloHeqSRbJFjHFMYtTJWgqI2+S9uCLVCWrADLl5tCe8vQKDfkM7Afz/lZyqi6qEX/Eg2KA5S7FcNQ==
  
  "@esbuild/sunos-x64@0.18.7":
    version "0.18.7"
    resolved "https://registry.yarnpkg.com/@esbuild/sunos-x64/-/sunos-x64-0.18.7.tgz#a79c5f91896cf787e8ee4c11787c148482a18531"
    integrity sha512-lBhsHaM6EYCmzQCj+xeFev+dgqTgpSRqF7qXrxp5V4waFuidTBbWgqSXY5rsLRNLOyMMCh1cA+RqF8UL30oOJQ==
  
  "@esbuild/win32-arm64@0.18.7":
    version "0.18.7"
    resolved "https://registry.yarnpkg.com/@esbuild/win32-arm64/-/win32-arm64-0.18.7.tgz#b5cb3c6c349ce4ece2e01fefe3e6cce464d39050"
    integrity sha512-p9ipv7rPKitXAAeufg5BzmyYZHZtFfrLGUX15+AxpTQqSZDAZd2wIusaOW5oONTf8RB53ujIqQw7W0QnZMuiUw==
  
  "@esbuild/win32-ia32@0.18.7":
    version "0.18.7"
    resolved "https://registry.yarnpkg.com/@esbuild/win32-ia32/-/win32-ia32-0.18.7.tgz#9e904fbc6d80ea7cf91bc84e72535d6926c2ba66"
    integrity sha512-WmNxuE+j1wUT2rK+e1Oakx3zobS1rPpQudPytGM4nxXEGv0gpXEvnZnrykRwriNFbGVCwFJoE4txayjW76LsCw==
  
  "@esbuild/win32-x64@0.18.7":
    version "0.18.7"
    resolved "https://registry.yarnpkg.com/@esbuild/win32-x64/-/win32-x64-0.18.7.tgz#d84f17fdeb3ebd595684f6cf29e76bf734a32533"
    integrity sha512-6RENfAwwL6dxQk/V1PxO/ejYRiOUVUaHi99hP3Dso/38jfNKFzU6YSSR/haJGNV/2wAHIgBMROQodna0IejAuA==
  
  "@types/node@^20.3.1":
    version "20.3.1"
    resolved "https://registry.yarnpkg.com/@types/node/-/node-20.3.1.tgz#e8a83f1aa8b649377bb1fb5d7bac5cb90e784dfe"
    integrity sha512-EhcH/wvidPy1WeML3TtYFGR83UzjxeWRen9V402T8aUGYsCHOmfoisV3ZSg03gAFIbLq8TnWOJ0f4cALtnSEUg==
  
  esbuild@^0.18.7:
    version "0.18.7"
    resolved "https://registry.yarnpkg.com/esbuild/-/esbuild-0.18.7.tgz#21aee690f22a0f2fee7ebe1d3a9e49569843a4ed"
    integrity sha512-46V0EFvQ/urmruUCChD1e0SZJWM0Ulny5F+uf5QkBry97HfvgvZTnjpTrwmw0+CGRhqTh9zpFeB+W8WGIEXOAQ==
    optionalDependencies:
      "@esbuild/android-arm" "0.18.7"
      "@esbuild/android-arm64" "0.18.7"
      "@esbuild/android-x64" "0.18.7"
      "@esbuild/darwin-arm64" "0.18.7"
      "@esbuild/darwin-x64" "0.18.7"
      "@esbuild/freebsd-arm64" "0.18.7"
      "@esbuild/freebsd-x64" "0.18.7"
      "@esbuild/linux-arm" "0.18.7"
      "@esbuild/linux-arm64" "0.18.7"
      "@esbuild/linux-ia32" "0.18.7"
      "@esbuild/linux-loong64" "0.18.7"
      "@esbuild/linux-mips64el" "0.18.7"
      "@esbuild/linux-ppc64" "0.18.7"
      "@esbuild/linux-riscv64" "0.18.7"
      "@esbuild/linux-s390x" "0.18.7"
      "@esbuild/linux-x64" "0.18.7"
      "@esbuild/netbsd-x64" "0.18.7"
      "@esbuild/openbsd-x64" "0.18.7"
      "@esbuild/sunos-x64" "0.18.7"
      "@esbuild/win32-arm64" "0.18.7"
      "@esbuild/win32-ia32" "0.18.7"
      "@esbuild/win32-x64" "0.18.7"
  
  typescript@^5.1.3:
    version "5.1.3"
    resolved "https://registry.yarnpkg.com/typescript/-/typescript-5.1.3.tgz#8d84219244a6b40b6fb2b33cc1c062f715b9e826"
    integrity sha512-XH627E9vkeqhlZFQuL+UsyAXEnibT0kWR2FWONlr4sTjvxyJYnyefgrkyECLzM5NenmKzRAy2rR/OlYLA1HkZw==
